=== Сканер сетапов | 2026-07-15 08:08 (локальное) ===
BTC     вне рынка: 4h тренда нет, сделки запрещены | цена 65157.00
GOLD    ШОРТ-режим: цена у EMA20 (4042.93), ждём закрытия обратно по тренду | цена 4070.70
SILVER  ШОРТ-режим: цена у EMA20 (58.44), ждём закрытия обратно по тренду | цена 58.66
NQ-MR   нет сигнала: RSI2=85 (нужно <10 или >90), разрешены только лонги (EMA200 29778) [вне окна 9-14 CT] | цена 29989.50
BTC-DT  >>> ЛОНГ | вход ~65157.00 | стоп 64716.37 | тейк 66478.88 | выход не позже конца дня | риск 0.15-0.2%
GOLD-DT вне рынка: 1h тренда нет | цена 4070.70
HYPE    >>> ЛОНГ | вход ~68.91 | стоп 67.25 | трейлинг 2.5xATR за ценой, тайм-стоп 120ч | риск 0.1-0.15%
ETH     >>> ЛОНГ | вход ~1927.40 | стоп 1889.51 | трейлинг 2.5xATR за ценой, тайм-стоп 120ч | риск 0.15-0.2%
SOL     внутри канала: пробой вверх > 78.65 (+0.5%), вниз < 74.06 (-5.4%) | цена 78.25
ZEC     >>> ЛОНГ | вход ~585.89 | стоп 563.21 | трейлинг 2.5xATR за ценой, тайм-стоп 120ч | риск 0.1% (эксперимент)
SPCX    наблюдение: уровни 147 (+8.0%), 175.5 (+29.0%), 178 (+30.8%) | цена 136.08
PURR    наблюдение: 7.16, mNAV 0.65 (дисконт 35%), лимитка 7.0, ротация при mNAV 1.0
USDKZT  наблюдение: 458.6 (+0.4% за нед), уровни 460 / 480 / 500
CRASH   мониторинг: открытых виртуальных 2, закрытых пока нет
LOTTO   тихо: горячих 21 (проверено 8), пробоев 30д нет
LT-HYPE наблюдение: 68.92, следующий уровень докупки 55.5 (-19%)
LT-PURR наблюдение: 7.16, mNAV 0.65, докупка при 0.60/0.50
LT-CAPIT: F&G 25, фандинг +0.0013%/ч (ждём F&G<15 + отриц.фандинг)
TRAIL   ZEC лонг @ 549.78 | стоп -> 562.96 | +1.5R | 21ч из 120
TRAIL   HYPE лонг @ 67.29 | стоп -> 67.21 | +0.9R | 10ч из 120
TRAIL   SOL лонг @ 77.99 | стоп -> 76.81 | +0.2R | 9ч из 120
TRAIL   ETH лонг @ 1927.40 | стоп -> 1889.44 | +0.0R | 1ч из 120

=== Сканер сетапов | 2026-07-15 10:07 (локальное) ===
BTC     вне рынка: 4h тренда нет, сделки запрещены | цена 65389.00
GOLD    ШОРТ-режим: цена у EMA20 (4046.61), ждём закрытия обратно по тренду | цена 4061.80
SILVER  >>> ШОРТ | вход ~58.15 | стоп 59.03 | тейк 55.51 | риск 0.25-0.3%
NQ-MR   нет сигнала: RSI2=6 (нужно <10 или >90), разрешены только шорты (EMA200 29778) | цена 29612.25
BTC-DT  ЛОНГ-режим: откат к EMA20(30m) 64908.62 не готов | цена 65389.00
GOLD-DT вне рынка: 1h тренда нет | цена 4061.80
HYPE    внутри канала: пробой вверх > 68.98 (+1.0%), вниз < 62.51 (-8.4%) | цена 68.27
ETH     внутри канала: пробой вверх > 1946.50 (+0.7%), вниз < 1750.50 (-9.5%) | цена 1933.50
SOL     внутри канала: пробой вверх > 79.00 (+1.0%), вниз < 74.06 (-5.3%) | цена 78.19
ZEC     внутри канала: пробой вверх > 589.78 (+1.9%), вниз < 490.34 (-15.3%) | цена 578.78
BNB     внутри канала: пробой вверх > 585.23 (+0.6%), вниз < 562.08 (-3.3%) | цена 581.55
SPCX    наблюдение: уровни 147 (+7.2%), 175.5 (+28.0%), 178 (+29.8%) | цена 137.16
PURR    наблюдение: 7.35, mNAV 0.67 (дисконт 33%), лимитка 7.0, ротация при mNAV 1.0
USDKZT  наблюдение: 458.6 (+0.4% за нед), уровни 460 / 480 / 500
CRASH   мониторинг: открытых виртуальных 2, закрытых пока нет
LOTTO   тихо: горячих 17 (проверено 8), пробоев 30д нет
LT-HYPE наблюдение: 68.17, следующий уровень докупки 55.5 (-19%)
LT-PURR наблюдение: 7.35, mNAV 0.67, докупка при 0.60/0.50
LT-CAPIT: F&G 25, фандинг +0.0013%/ч (ждём F&G<15 + отриц.фандинг)
TRAIL   ZEC лонг @ 549.78 | стоп -> 563.10 | +1.3R | 23ч из 120
TRAIL   HYPE лонг @ 67.29 | стоп -> 67.25 | +0.5R | 12ч из 120
TRAIL   SOL лонг @ 77.99 | стоп -> 76.85 | +0.1R | 11ч из 120
TRAIL   ETH лонг @ 1927.40 | стоп -> 1893.30 | +0.2R | 3ч из 120

